Build started 3/30/2015 4:36:33 PM.
     1>Project "C:\Users\Aaron Jacobson\Documents\GitHub\Project-Angle\ProjectAngle\ProjectAngle\ProjectAngle.vcxproj" on node 2 (Build target(s)).
     1>ClCompile:
         C:\Program Files (x86)\Microsoft Visual Studio 12.0\VC\bin\CL.exe /c /I"C:\SFML\SFML-2.1\include" /ZI /nologo /W3 /WX- /sdl /Od /Oy- /D WIN32 /D _DEBUG /D _CONSOLE /D _LIB /D _UNICODE /D UNICODE /Gm /EHsc /RTC1 /MDd /GS /fp:precise /Zc:wchar_t /Zc:forScope /Fo"Debug\\" /Fd"Debug\vc120.pdb" /Gd /TP /analyze- /errorReport:prompt Main.cpp
         Main.cpp
     1>c:\users\aaron jacobson\documents\github\project-angle\projectangle\projectangle\main.cpp(214): warning C4244: 'argument' : conversion from 'const int' to 'float', possible loss of data
     1>c:\users\aaron jacobson\documents\github\project-angle\projectangle\projectangle\main.cpp(253): warning C4244: 'argument' : conversion from 'const int' to 'float', possible loss of data
     1>c:\users\aaron jacobson\documents\github\project-angle\projectangle\projectangle\main.cpp(278): warning C4244: '=' : conversion from 'double' to 'int', possible loss of data
     1>c:\users\aaron jacobson\documents\github\project-angle\projectangle\projectangle\main.cpp(281): warning C4244: '=' : conversion from 'double' to 'int', possible loss of data
     1>c:\users\aaron jacobson\documents\github\project-angle\projectangle\projectangle\main.cpp(284): warning C4244: '=' : conversion from 'double' to 'int', possible loss of data
     1>c:\users\aaron jacobson\documents\github\project-angle\projectangle\projectangle\main.cpp(287): warning C4244: '=' : conversion from 'double' to 'int', possible loss of data
     1>c:\users\aaron jacobson\documents\github\project-angle\projectangle\projectangle\main.cpp(363): warning C4244: 'argument' : conversion from 'int' to 'float', possible loss of data
     1>c:\users\aaron jacobson\documents\github\project-angle\projectangle\projectangle\main.cpp(367): warning C4244: 'argument' : conversion from 'int' to 'float', possible loss of data
     1>c:\users\aaron jacobson\documents\github\project-angle\projectangle\projectangle\main.cpp(373): warning C4244: 'argument' : conversion from 'int' to 'float', possible loss of data
     1>c:\users\aaron jacobson\documents\github\project-angle\projectangle\projectangle\main.cpp(377): warning C4244: 'argument' : conversion from 'int' to 'float', possible loss of data
     1>c:\users\aaron jacobson\documents\github\project-angle\projectangle\projectangle\main.cpp(386): warning C4244: 'argument' : conversion from 'const int' to 'float', possible loss of data
     1>c:\users\aaron jacobson\documents\github\project-angle\projectangle\projectangle\main.cpp(388): warning C4244: 'argument' : conversion from 'int' to 'float', possible loss of data
     1>c:\users\aaron jacobson\documents\github\project-angle\projectangle\projectangle\main.cpp(391): warning C4244: 'argument' : conversion from 'int' to 'float', possible loss of data
     1>c:\users\aaron jacobson\documents\github\project-angle\projectangle\projectangle\main.cpp(472): warning C4244: 'argument' : conversion from 'const int' to 'float', possible loss of data
     1>c:\users\aaron jacobson\documents\github\project-angle\projectangle\projectangle\main.cpp(264): warning C4715: 'accessLinkedListPlace' : not all control paths return a value
       Link:
         C:\Program Files (x86)\Microsoft Visual Studio 12.0\VC\bin\link.exe /ERRORREPORT:PROMPT /OUT:"C:\Users\Aaron Jacobson\Documents\GitHub\Project-Angle\ProjectAngle\Debug\ProjectAngle.exe" /INCREMENTAL /NOLOGO /LIBPATH:"C:\SFML\SFML-2.1\Libs\Debug" "sfml-graphics-d.lib" "sfml-window-d.lib" "sfml-system-d.lib" kernel32.lib user32.lib gdi32.lib winspool.lib comdlg32.lib advapi32.lib shell32.lib ole32.lib oleaut32.lib uuid.lib odbc32.lib odbccp32.lib /MANIFEST /MANIFESTUAC:"level='asInvoker' uiAccess='false'" /manifest:embed /DEBUG /PDB:"C:\Users\Aaron Jacobson\Documents\GitHub\Project-Angle\ProjectAngle\Debug\ProjectAngle.pdb" /SUBSYSTEM:CONSOLE /TLBID:1 /DYNAMICBASE /NXCOMPAT /IMPLIB:"C:\Users\Aaron Jacobson\Documents\GitHub\Project-Angle\ProjectAngle\Debug\ProjectAngle.lib" /MACHINE:X86 Debug\Main.obj
         ProjectAngle.vcxproj -> C:\Users\Aaron Jacobson\Documents\GitHub\Project-Angle\ProjectAngle\Debug\ProjectAngle.exe
     1>Done Building Project "C:\Users\Aaron Jacobson\Documents\GitHub\Project-Angle\ProjectAngle\ProjectAngle\ProjectAngle.vcxproj" (Build target(s)).

Build succeeded.

Time Elapsed 00:00:01.21
